running egg_info
creating ../../build/ackermann_interface/ackermann_interface.egg-info
writing ../../build/ackermann_interface/ackermann_interface.egg-info/PKG-INFO
writing dependency_links to ../../build/ackermann_interface/ackermann_interface.egg-info/dependency_links.txt
writing entry points to ../../build/ackermann_interface/ackermann_interface.egg-info/entry_points.txt
writing requirements to ../../build/ackermann_interface/ackermann_interface.egg-info/requires.txt
writing top-level names to ../../build/ackermann_interface/ackermann_interface.egg-info/top_level.txt
writing manifest file '../../build/ackermann_interface/ackermann_interface.egg-info/SOURCES.txt'
reading manifest file '../../build/ackermann_interface/ackermann_interface.egg-info/SOURCES.txt'
writing manifest file '../../build/ackermann_interface/ackermann_interface.egg-info/SOURCES.txt'
running build
running build_py
creating /root/akm/akm_ws/build/ackermann_interface/build
creating /root/akm/akm_ws/build/ackermann_interface/build/lib
creating /root/akm/akm_ws/build/ackermann_interface/build/lib/ackermann_interface
copying ackermann_interface/__init__.py -> /root/akm/akm_ws/build/ackermann_interface/build/lib/ackermann_interface
copying ackermann_interface/akm_topic.py -> /root/akm/akm_ws/build/ackermann_interface/build/lib/ackermann_interface
running install
running install_lib
creating /root/akm/akm_ws/install/ackermann_interface/lib/python3.8/site-packages/ackermann_interface
copying /root/akm/akm_ws/build/ackermann_interface/build/lib/ackermann_interface/__init__.py -> /root/akm/akm_ws/install/ackermann_interface/lib/python3.8/site-packages/ackermann_interface
copying /root/akm/akm_ws/build/ackermann_interface/build/lib/ackermann_interface/akm_topic.py -> /root/akm/akm_ws/install/ackermann_interface/lib/python3.8/site-packages/ackermann_interface
byte-compiling /root/akm/akm_ws/install/ackermann_interface/lib/python3.8/site-packages/ackermann_interface/__init__.py to __init__.cpython-38.pyc
byte-compiling /root/akm/akm_ws/install/ackermann_interface/lib/python3.8/site-packages/ackermann_interface/akm_topic.py to akm_topic.cpython-38.pyc
running install_data
creating /root/akm/akm_ws/install/ackermann_interface/share/ament_index
creating /root/akm/akm_ws/install/ackermann_interface/share/ament_index/resource_index
creating /root/akm/akm_ws/install/ackermann_interface/share/ament_index/resource_index/packages
copying resource/ackermann_interface -> /root/akm/akm_ws/install/ackermann_interface/share/ament_index/resource_index/packages
copying package.xml -> /root/akm/akm_ws/install/ackermann_interface/share/ackermann_interface
running install_egg_info
Copying ../../build/ackermann_interface/ackermann_interface.egg-info to /root/akm/akm_ws/install/ackermann_interface/lib/python3.8/site-packages/ackermann_interface-0.0.0-py3.8.egg-info
running install_scripts
Installing akm_topic script to /root/akm/akm_ws/install/ackermann_interface/lib/ackermann_interface
writing list of installed files to '/root/akm/akm_ws/build/ackermann_interface/install.log'
