[0.604s] Invoking command in '/root/akm/akm_ws/src/ackermann_interface': PYTHONPATH=/root/akm/akm_ws/build/ackermann_interface/prefix_override:/root/akm/akm_ws/install/ackermann_interface/lib/python3.8/site-packages:${PYTHONPATH} /usr/bin/python3 setup.py egg_info --egg-base ../../build/ackermann_interface build --build-base /root/akm/akm_ws/build/ackermann_interface/build install --record /root/akm/akm_ws/build/ackermann_interface/install.log --install-scripts $base/lib/ackermann_interface --single-version-externally-managed
[0.782s] running egg_info
[0.783s] writing ../../build/ackermann_interface/ackermann_interface.egg-info/PKG-INFO
[0.783s] writing dependency_links to ../../build/ackermann_interface/ackermann_interface.egg-info/dependency_links.txt
[0.784s] writing entry points to ../../build/ackermann_interface/ackermann_interface.egg-info/entry_points.txt
[0.784s] writing requirements to ../../build/ackermann_interface/ackermann_interface.egg-info/requires.txt
[0.784s] writing top-level names to ../../build/ackermann_interface/ackermann_interface.egg-info/top_level.txt
[0.814s] reading manifest file '../../build/ackermann_interface/ackermann_interface.egg-info/SOURCES.txt'
[0.815s] writing manifest file '../../build/ackermann_interface/ackermann_interface.egg-info/SOURCES.txt'
[0.815s] running build
[0.816s] running build_py
[0.816s] copying ackermann_interface/akm_topic.py -> /root/akm/akm_ws/build/ackermann_interface/build/lib/ackermann_interface
[0.816s] running install
[0.816s] running install_lib
[0.817s] copying /root/akm/akm_ws/build/ackermann_interface/build/lib/ackermann_interface/akm_topic.py -> /root/akm/akm_ws/install/ackermann_interface/lib/python3.8/site-packages/ackermann_interface
[0.818s] byte-compiling /root/akm/akm_ws/install/ackermann_interface/lib/python3.8/site-packages/ackermann_interface/akm_topic.py to akm_topic.cpython-38.pyc
[0.819s] running install_data
[0.820s] running install_egg_info
[0.821s] removing '/root/akm/akm_ws/install/ackermann_interface/lib/python3.8/site-packages/ackermann_interface-0.0.0-py3.8.egg-info' (and everything under it)
[0.822s] Copying ../../build/ackermann_interface/ackermann_interface.egg-info to /root/akm/akm_ws/install/ackermann_interface/lib/python3.8/site-packages/ackermann_interface-0.0.0-py3.8.egg-info
[0.823s] running install_scripts
[0.840s] Installing akm_topic script to /root/akm/akm_ws/install/ackermann_interface/lib/ackermann_interface
[0.840s] writing list of installed files to '/root/akm/akm_ws/build/ackermann_interface/install.log'
[0.873s] Invoked command in '/root/akm/akm_ws/src/ackermann_interface' returned '0': PYTHONPATH=/root/akm/akm_ws/build/ackermann_interface/prefix_override:/root/akm/akm_ws/install/ackermann_interface/lib/python3.8/site-packages:${PYTHONPATH} /usr/bin/python3 setup.py egg_info --egg-base ../../build/ackermann_interface build --build-base /root/akm/akm_ws/build/ackermann_interface/build install --record /root/akm/akm_ws/build/ackermann_interface/install.log --install-scripts $base/lib/ackermann_interface --single-version-externally-managed
