running egg_info
writing ../../build/ackermann_interface/ackermann_interface.egg-info/PKG-INFO
writing dependency_links to ../../build/ackermann_interface/ackermann_interface.egg-info/dependency_links.txt
writing entry points to ../../build/ackermann_interface/ackermann_interface.egg-info/entry_points.txt
writing requirements to ../../build/ackermann_interface/ackermann_interface.egg-info/requires.txt
writing top-level names to ../../build/ackermann_interface/ackermann_interface.egg-info/top_level.txt
reading manifest file '../../build/ackermann_interface/ackermann_interface.egg-info/SOURCES.txt'
writing manifest file '../../build/ackermann_interface/ackermann_interface.egg-info/SOURCES.txt'
running build
running build_py
copying ackermann_interface/akm_topic.py -> /root/akm/akm_ws/build/ackermann_interface/build/lib/ackermann_interface
running install
running install_lib
copying /root/akm/akm_ws/build/ackermann_interface/build/lib/ackermann_interface/akm_topic.py -> /root/akm/akm_ws/install/ackermann_interface/lib/python3.8/site-packages/ackermann_interface
byte-compiling /root/akm/akm_ws/install/ackermann_interface/lib/python3.8/site-packages/ackermann_interface/akm_topic.py to akm_topic.cpython-38.pyc
running install_data
running install_egg_info
removing '/root/akm/akm_ws/install/ackermann_interface/lib/python3.8/site-packages/ackermann_interface-0.0.0-py3.8.egg-info' (and everything under it)
Copying ../../build/ackermann_interface/ackermann_interface.egg-info to /root/akm/akm_ws/install/ackermann_interface/lib/python3.8/site-packages/ackermann_interface-0.0.0-py3.8.egg-info
running install_scripts
Installing akm_topic script to /root/akm/akm_ws/install/ackermann_interface/lib/ackermann_interface
writing list of installed files to '/root/akm/akm_ws/build/ackermann_interface/install.log'
